# JRE version: OpenJDK Runtime Environment (8.0_76-b03) (build 1.8.0_76-release-b03)
# Java VM: OpenJDK 64-Bit Server VM (25.76-b03 mixed mode windows-amd64 compressed oops)
Heap:
 PSYoungGen      total 314880K, used 149352K [0x00000000e0000000, 0x00000000f5800000, 0x0000000100000000)
  eden space 288768K, 51% used [0x00000000e0000000,0x00000000e91da3c0,0x00000000f1a00000)
  from space 26112K, 0% used [0x00000000f3e80000,0x00000000f3e80000,0x00000000f5800000)
  to   space 512K, 0% used [0x00000000f2f80000,0x00000000f2f80000,0x00000000f3000000)
 ParOldGen       total 143872K, used 35778K [0x00000000a0000000, 0x00000000a8c80000, 0x00000000e0000000)
  object space 143872K, 24% used [0x00000000a0000000,0x00000000a22f0ad0,0x00000000a8c80000)
 Metaspace       used 65212K, capacity 67706K, committed 67888K, reserved 1107968K
  class space    used 8212K, capacity 8647K, committed 8752K, reserved 1048576K
GC Heap History (10 events):
Event: 586.011 GC heap before
{Heap before GC invocations=24 (full 5):
 PSYoungGen      total 289280K, used 160K [0x00000000e0000000, 0x00000000f5800000, 0x0000000100000000)
  eden space 288768K, 0% used [0x00000000e0000000,0x00000000e0000000,0x00000000f1a00000)
  from space 512K, 31% used [0x00000000f2f80000,0x00000000f2fa8000,0x00000000f3000000)
  to   space 26112K, 0% used [0x00000000f3e80000,0x00000000f3e80000,0x00000000f5800000)
 ParOldGen       total 143872K, used 48096K [0x00000000a0000000, 0x00000000a8c80000, 0x00000000e0000000)
  object space 143872K, 33% used [0x00000000a0000000,0x00000000a2ef8180,0x00000000a8c80000)
 Metaspace       used 63638K, capacity 65552K, committed 65584K, reserved 1105920K
  class space    used 8110K, capacity 8482K, committed 8496K, reserved 1048576K
Event: 586.538 GC heap after
Heap after GC invocations=24 (full 5):
 PSYoungGen      total 289280K, used 0K [0x00000000e0000000, 0x00000000f5800000, 0x0000000100000000)
  eden space 288768K, 0% used [0x00000000e0000000,0x00000000e0000000,0x00000000f1a00000)
  from space 512K, 0% used [0x00000000f2f80000,0x00000000f2f80000,0x00000000f3000000)
  to   space 26112K, 0% used [0x00000000f3e80000,0x00000000f3e80000,0x00000000f5800000)
 ParOldGen       total 143872K, used 35286K [0x00000000a0000000, 0x00000000a8c80000, 0x00000000e0000000)
  object space 143872K, 24% used [0x00000000a0000000,0x00000000a2275af8,0x00000000a8c80000)
 Metaspace       used 63638K, capacity 65552K, committed 65584K, reserved 1105920K
  class space    used 8110K, capacity 8482K, committed 8496K, reserved 1048576K
}
Event: 892.385 GC heap before
{Heap before GC invocations=25 (full 5):
 PSYoungGen      total 289280K, used 288768K [0x00000000e0000000, 0x00000000f5800000, 0x0000000100000000)
  eden space 288768K, 100% used [0x00000000e0000000,0x00000000f1a00000,0x00000000f1a00000)
  from space 512K, 0% used [0x00000000f2f80000,0x00000000f2f80000,0x00000000f3000000)
  to   space 26112K, 0% used [0x00000000f3e80000,0x00000000f3e80000,0x00000000f5800000)
 ParOldGen       total 143872K, used 35286K [0x00000000a0000000, 0x00000000a8c80000, 0x00000000e0000000)
  object space 143872K, 24% used [0x00000000a0000000,0x00000000a2275af8,0x00000000a8c80000)
 Metaspace       used 64481K, capacity 66710K, committed 66992K, reserved 1107968K
  class space    used 8163K, capacity 8565K, committed 8624K, reserved 1048576K
Event: 892.422 GC heap after
Heap after GC invocations=25 (full 5):
 PSYoungGen      total 314880K, used 5984K [0x00000000e0000000, 0x00000000f5800000, 0x0000000100000000)
  eden space 288768K, 0% used [0x00000000e0000000,0x00000000e0000000,0x00000000f1a00000)
  from space 26112K, 22% used [0x00000000f3e80000,0x00000000f4458020,0x00000000f5800000)
  to   space 512K, 0% used [0x00000000f2f80000,0x00000000f2f80000,0x00000000f3000000)
 ParOldGen       total 143872K, used 35294K [0x00000000a0000000, 0x00000000a8c80000, 0x00000000e0000000)
  object space 143872K, 24% used [0x00000000a0000000,0x00000000a2277af8,0x00000000a8c80000)
 Metaspace       used 64481K, capacity 66710K, committed 66992K, reserved 1107968K
  class space    used 8163K, capacity 8565K, committed 8624K, reserved 1048576K
}
Event: 897.675 GC heap before
{Heap before GC invocations=26 (full 5):
 PSYoungGen      total 314880K, used 294480K [0x00000000e0000000, 0x00000000f5800000, 0x0000000100000000)
  eden space 288768K, 99% used [0x00000000e0000000,0x00000000f19bc000,0x00000000f1a00000)
  from space 26112K, 22% used [0x00000000f3e80000,0x00000000f4458020,0x00000000f5800000)
  to   space 512K, 0% used [0x00000000f2f80000,0x00000000f2f80000,0x00000000f3000000)
 ParOldGen       total 143872K, used 35294K [0x00000000a0000000, 0x00000000a8c80000, 0x00000000e0000000)
  object space 143872K, 24% used [0x00000000a0000000,0x00000000a2277af8,0x00000000a8c80000)
 Metaspace       used 65037K, capacity 67404K, committed 67632K, reserved 1107968K
  class space    used 8203K, capacity 8638K, committed 8752K, reserved 1048576K
Event: 897.718 GC heap after
Heap after GC invocations=26 (full 5):
 PSYoungGen      total 289280K, used 512K [0x00000000e0000000, 0x00000000f5800000, 0x0000000100000000)
  eden space 288768K, 0% used [0x00000000e0000000,0x00000000e0000000,0x00000000f1a00000)
  from space 512K, 100% used [0x00000000f2f80000,0x00000000f3000000,0x00000000f3000000)
  to   space 26112K, 0% used [0x00000000f3e80000,0x00000000f3e80000,0x00000000f5800000)
 ParOldGen       total 143872K, used 56643K [0x00000000a0000000, 0x00000000a8c80000, 0x00000000e0000000)
  object space 143872K, 39% used [0x00000000a0000000,0x00000000a3750f38,0x00000000a8c80000)
 Metaspace       used 65037K, capacity 67404K, committed 67632K, reserved 1107968K
  class space    used 8203K, capacity 8638K, committed 8752K, reserved 1048576K
}
Event: 897.949 GC heap before
{Heap before GC invocations=27 (full 5):
 PSYoungGen      total 289280K, used 25207K [0x00000000e0000000, 0x00000000f5800000, 0x0000000100000000)
  eden space 288768K, 8% used [0x00000000e0000000,0x00000000e181ddc0,0x00000000f1a00000)
  from space 512K, 100% used [0x00000000f2f80000,0x00000000f3000000,0x00000000f3000000)
  to   space 26112K, 0% used [0x00000000f3e80000,0x00000000f3e80000,0x00000000f5800000)
 ParOldGen       total 143872K, used 56643K [0x00000000a0000000, 0x00000000a8c80000, 0x00000000e0000000)
  object space 143872K, 39% used [0x00000000a0000000,0x00000000a3750f38,0x00000000a8c80000)
 Metaspace       used 65048K, capacity 67410K, committed 67632K, reserved 1107968K
  class space    used 8204K, capacity 8639K, committed 8752K, reserved 1048576K
Event: 897.953 GC heap after
Heap after GC invocations=27 (full 5):
 PSYoungGen      total 314880K, used 263K [0x00000000e0000000, 0x00000000f5800000, 0x0000000100000000)
  eden space 288768K, 0% used [0x00000000e0000000,0x00000000e0000000,0x00000000f1a00000)
  from space 26112K, 1% used [0x00000000f3e80000,0x00000000f3ec1f38,0x00000000f5800000)
  to   space 512K, 0% used [0x00000000f2f80000,0x00000000f2f80000,0x00000000f3000000)
 ParOldGen       total 143872K, used 56861K [0x00000000a0000000, 0x00000000a8c80000, 0x00000000e0000000)
  object space 143872K, 39% used [0x00000000a0000000,0x00000000a3787540,0x00000000a8c80000)
 Metaspace       used 65048K, capacity 67410K, committed 67632K, reserved 1107968K
  class space    used 8204K, capacity 8639K, committed 8752K, reserved 1048576K
}
Event: 897.953 GC heap before
{Heap before GC invocations=28 (full 6):
 PSYoungGen      total 314880K, used 263K [0x00000000e0000000, 0x00000000f5800000, 0x0000000100000000)
  eden space 288768K, 0% used [0x00000000e0000000,0x00000000e0000000,0x00000000f1a00000)
  from space 26112K, 1% used [0x00000000f3e80000,0x00000000f3ec1f38,0x00000000f5800000)
  to   space 512K, 0% used [0x00000000f2f80000,0x00000000f2f80000,0x00000000f3000000)
 ParOldGen       total 143872K, used 56861K [0x00000000a0000000, 0x00000000a8c80000, 0x00000000e0000000)
  object space 143872K, 39% used [0x00000000a0000000,0x00000000a3787540,0x00000000a8c80000)
 Metaspace       used 65048K, capacity 67410K, committed 67632K, reserved 1107968K
  class space    used 8204K, capacity 8639K, committed 8752K, reserved 1048576K
Event: 898.367 GC heap after
Heap after GC invocations=28 (full 6):
 PSYoungGen      total 314880K, used 0K [0x00000000e0000000, 0x00000000f5800000, 0x0000000100000000)
  eden space 288768K, 0% used [0x00000000e0000000,0x00000000e0000000,0x00000000f1a00000)
  from space 26112K, 0% used [0x00000000f3e80000,0x00000000f3e80000,0x00000000f5800000)
  to   space 512K, 0% used [0x00000000f2f80000,0x00000000f2f80000,0x00000000f3000000)
 ParOldGen       total 143872K, used 35778K [0x00000000a0000000, 0x00000000a8c80000, 0x00000000e0000000)
  object space 143872K, 24% used [0x00000000a0000000,0x00000000a22f0ad0,0x00000000a8c80000)
 Metaspace       used 65048K, capacity 67410K, committed 67632K, reserved 1107968K
  class space    used 8204K, capacity 8639K, committed 8752K, reserved 1048576K
}

