# JRE version: OpenJDK Runtime Environment (8.0_76-b03) (build 1.8.0_76-release-b03)
# Java VM: OpenJDK 64-Bit Server VM (25.76-b03 mixed mode windows-amd64 compressed oops)
Heap:
 PSYoungGen      total 248832K, used 20473K [0x00000000e0000000, 0x00000000f1a00000, 0x0000000100000000)
  eden space 241664K, 8% used [0x00000000e0000000,0x00000000e13fe708,0x00000000eec00000)
  from space 7168K, 0% used [0x00000000eec00000,0x00000000eec00000,0x00000000ef300000)
  to   space 23552K, 0% used [0x00000000f0300000,0x00000000f0300000,0x00000000f1a00000)
 ParOldGen       total 141312K, used 39241K [0x00000000a0000000, 0x00000000a8a00000, 0x00000000e0000000)
  object space 141312K, 27% used [0x00000000a0000000,0x00000000a2652708,0x00000000a8a00000)
 Metaspace       used 62161K, capacity 63808K, committed 64048K, reserved 1105920K
  class space    used 8078K, capacity 8399K, committed 8496K, reserved 1048576K
GC Heap History (10 events):
Event: 21.356 GC heap before
{Heap before GC invocations=13 (full 2):
 PSYoungGen      total 206336K, used 145120K [0x00000000e0000000, 0x00000000edf80000, 0x0000000100000000)
  eden space 192000K, 68% used [0x00000000e0000000,0x00000000e7fbc348,0x00000000ebb80000)
  from space 14336K, 99% used [0x00000000ecd80000,0x00000000edb7bff0,0x00000000edb80000)
  to   space 18432K, 0% used [0x00000000ebb80000,0x00000000ebb80000,0x00000000ecd80000)
 ParOldGen       total 83968K, used 23981K [0x00000000a0000000, 0x00000000a5200000, 0x00000000e0000000)
  object space 83968K, 28% used [0x00000000a0000000,0x00000000a176b468,0x00000000a5200000)
 Metaspace       used 57630K, capacity 59060K, committed 59160K, reserved 1101824K
  class space    used 7513K, capacity 7828K, committed 7856K, reserved 1048576K
Event: 21.392 GC heap after
Heap after GC invocations=13 (full 2):
 PSYoungGen      total 210432K, used 18426K [0x00000000e0000000, 0x00000000f2e00000, 0x0000000100000000)
  eden space 192000K, 0% used [0x00000000e0000000,0x00000000e0000000,0x00000000ebb80000)
  from space 18432K, 99% used [0x00000000ebb80000,0x00000000ecd7eb78,0x00000000ecd80000)
  to   space 24576K, 0% used [0x00000000f1600000,0x00000000f1600000,0x00000000f2e00000)
 ParOldGen       total 83968K, used 33947K [0x00000000a0000000, 0x00000000a5200000, 0x00000000e0000000)
  object space 83968K, 40% used [0x00000000a0000000,0x00000000a2126d70,0x00000000a5200000)
 Metaspace       used 57630K, capacity 59060K, committed 59160K, reserved 1101824K
  class space    used 7513K, capacity 7828K, committed 7856K, reserved 1048576K
}
Event: 21.392 GC heap before
{Heap before GC invocations=14 (full 3):
 PSYoungGen      total 210432K, used 18426K [0x00000000e0000000, 0x00000000f2e00000, 0x0000000100000000)
  eden space 192000K, 0% used [0x00000000e0000000,0x00000000e0000000,0x00000000ebb80000)
  from space 18432K, 99% used [0x00000000ebb80000,0x00000000ecd7eb78,0x00000000ecd80000)
  to   space 24576K, 0% used [0x00000000f1600000,0x00000000f1600000,0x00000000f2e00000)
 ParOldGen       total 83968K, used 33947K [0x00000000a0000000, 0x00000000a5200000, 0x00000000e0000000)
  object space 83968K, 40% used [0x00000000a0000000,0x00000000a2126d70,0x00000000a5200000)
 Metaspace       used 57630K, capacity 59060K, committed 59160K, reserved 1101824K
  class space    used 7513K, capacity 7828K, committed 7856K, reserved 1048576K
Event: 21.756 GC heap after
Heap after GC invocations=14 (full 3):
 PSYoungGen      total 210432K, used 0K [0x00000000e0000000, 0x00000000f2e00000, 0x0000000100000000)
  eden space 192000K, 0% used [0x00000000e0000000,0x00000000e0000000,0x00000000ebb80000)
  from space 18432K, 0% used [0x00000000ebb80000,0x00000000ebb80000,0x00000000ecd80000)
  to   space 24576K, 0% used [0x00000000f1600000,0x00000000f1600000,0x00000000f2e00000)
 ParOldGen       total 141312K, used 48355K [0x00000000a0000000, 0x00000000a8a00000, 0x00000000e0000000)
  object space 141312K, 34% used [0x00000000a0000000,0x00000000a2f38c58,0x00000000a8a00000)
 Metaspace       used 57630K, capacity 59060K, committed 59160K, reserved 1101824K
  class space    used 7513K, capacity 7828K, committed 7856K, reserved 1048576K
}
Event: 23.745 GC heap before
{Heap before GC invocations=15 (full 3):
 PSYoungGen      total 210432K, used 190237K [0x00000000e0000000, 0x00000000f2e00000, 0x0000000100000000)
  eden space 192000K, 99% used [0x00000000e0000000,0x00000000eb9c7700,0x00000000ebb80000)
  from space 18432K, 0% used [0x00000000ebb80000,0x00000000ebb80000,0x00000000ecd80000)
  to   space 24576K, 0% used [0x00000000f1600000,0x00000000f1600000,0x00000000f2e00000)
 ParOldGen       total 141312K, used 48355K [0x00000000a0000000, 0x00000000a8a00000, 0x00000000e0000000)
  object space 141312K, 34% used [0x00000000a0000000,0x00000000a2f38c58,0x00000000a8a00000)
 Metaspace       used 59650K, capacity 61146K, committed 61208K, reserved 1101824K
  class space    used 7752K, capacity 8069K, committed 8112K, reserved 1048576K
Event: 23.752 GC heap after
Heap after GC invocations=15 (full 3):
 PSYoungGen      total 247808K, used 4613K [0x00000000e0000000, 0x00000000f1c00000, 0x0000000100000000)
  eden space 241664K, 0% used [0x00000000e0000000,0x00000000e0000000,0x00000000eec00000)
  from space 6144K, 75% used [0x00000000f1600000,0x00000000f1a815a0,0x00000000f1c00000)
  to   space 24576K, 0% used [0x00000000eec00000,0x00000000eec00000,0x00000000f0400000)
 ParOldGen       total 141312K, used 48363K [0x00000000a0000000, 0x00000000a8a00000, 0x00000000e0000000)
  object space 141312K, 34% used [0x00000000a0000000,0x00000000a2f3ac58,0x00000000a8a00000)
 Metaspace       used 59650K, capacity 61146K, committed 61208K, reserved 1101824K
  class space    used 7752K, capacity 8069K, committed 8112K, reserved 1048576K
}
Event: 24.550 GC heap before
{Heap before GC invocations=16 (full 3):
 PSYoungGen      total 247808K, used 69614K [0x00000000e0000000, 0x00000000f1c00000, 0x0000000100000000)
  eden space 241664K, 26% used [0x00000000e0000000,0x00000000e3f7a4e8,0x00000000eec00000)
  from space 6144K, 75% used [0x00000000f1600000,0x00000000f1a815a0,0x00000000f1c00000)
  to   space 24576K, 0% used [0x00000000eec00000,0x00000000eec00000,0x00000000f0400000)
 ParOldGen       total 141312K, used 48363K [0x00000000a0000000, 0x00000000a8a00000, 0x00000000e0000000)
  object space 141312K, 34% used [0x00000000a0000000,0x00000000a2f3ac58,0x00000000a8a00000)
 Metaspace       used 62022K, capacity 63586K, committed 63792K, reserved 1103872K
  class space    used 8061K, capacity 8381K, committed 8496K, reserved 1048576K
Event: 24.558 GC heap after
Heap after GC invocations=16 (full 3):
 PSYoungGen      total 248832K, used 6897K [0x00000000e0000000, 0x00000000f1a00000, 0x0000000100000000)
  eden space 241664K, 0% used [0x00000000e0000000,0x00000000e0000000,0x00000000eec00000)
  from space 7168K, 96% used [0x00000000eec00000,0x00000000ef2bc420,0x00000000ef300000)
  to   space 23552K, 0% used [0x00000000f0300000,0x00000000f0300000,0x00000000f1a00000)
 ParOldGen       total 141312K, used 48371K [0x00000000a0000000, 0x00000000a8a00000, 0x00000000e0000000)
  object space 141312K, 34% used [0x00000000a0000000,0x00000000a2f3cc58,0x00000000a8a00000)
 Metaspace       used 62022K, capacity 63586K, committed 63792K, reserved 1103872K
  class space    used 8061K, capacity 8381K, committed 8496K, reserved 1048576K
}
Event: 24.558 GC heap before
{Heap before GC invocations=17 (full 4):
 PSYoungGen      total 248832K, used 6897K [0x00000000e0000000, 0x00000000f1a00000, 0x0000000100000000)
  eden space 241664K, 0% used [0x00000000e0000000,0x00000000e0000000,0x00000000eec00000)
  from space 7168K, 96% used [0x00000000eec00000,0x00000000ef2bc420,0x00000000ef300000)
  to   space 23552K, 0% used [0x00000000f0300000,0x00000000f0300000,0x00000000f1a00000)
 ParOldGen       total 141312K, used 48371K [0x00000000a0000000, 0x00000000a8a00000, 0x00000000e0000000)
  object space 141312K, 34% used [0x00000000a0000000,0x00000000a2f3cc58,0x00000000a8a00000)
 Metaspace       used 62022K, capacity 63586K, committed 63792K, reserved 1103872K
  class space    used 8061K, capacity 8381K, committed 8496K, reserved 1048576K
Event: 24.862 GC heap after
Heap after GC invocations=17 (full 4):
 PSYoungGen      total 248832K, used 0K [0x00000000e0000000, 0x00000000f1a00000, 0x0000000100000000)
  eden space 241664K, 0% used [0x00000000e0000000,0x00000000e0000000,0x00000000eec00000)
  from space 7168K, 0% used [0x00000000eec00000,0x00000000eec00000,0x00000000ef300000)
  to   space 23552K, 0% used [0x00000000f0300000,0x00000000f0300000,0x00000000f1a00000)
 ParOldGen       total 141312K, used 39241K [0x00000000a0000000, 0x00000000a8a00000, 0x00000000e0000000)
  object space 141312K, 27% used [0x00000000a0000000,0x00000000a2652708,0x00000000a8a00000)
 Metaspace       used 62022K, capacity 63586K, committed 63792K, reserved 1103872K
  class space    used 8061K, capacity 8381K, committed 8496K, reserved 1048576K
}

